#
# A fatal error has been detected by the Java Runtime Environment:
#
#  Internal Error (classFileParser.cpp:3494), pid=10952, tid=10432
#  Error: ShouldNotReachHere()
#
# JRE version: 6.0_30-b12
# Java VM: Java HotSpot(TM) Client VM (20.5-b03 mixed mode windows-x86 )
# If you would like to submit a bug report, please visit:
#   http://java.sun.com/webapps/bugreport/crash.jsp
#

---------------  T H R E A D  ---------------

Current thread (0x02069c00):  JavaThread "Unknown thread" [_thread_in_vm, id=10432, stack(0x003b0000,0x00400000)]

Stack: [0x003b0000,0x00400000],  sp=0x003ff86c,  free space=318k
Native frames: (J=compiled Java code, j=interpreted, Vv=VM code, C=native code)
V  [jvm.dll+0x1335ca]
V  [jvm.dll+0x12e57b]
V  [jvm.dll+0x1639e]
V  [jvm.dll+0x17bdf]
V  [jvm.dll+0x26cc5]
V  [jvm.dll+0x27506]
V  [jvm.dll+0x278b5]
V  [jvm.dll+0x27949]
V  [jvm.dll+0x27a0c]
V  [jvm.dll+0x27a8a]
V  [jvm.dll+0x27b6d]
V  [jvm.dll+0x27e39]
V  [jvm.dll+0x6c383]
V  [jvm.dll+0x6c75c]
V  [jvm.dll+0xf9b4c]
V  [jvm.dll+0x11848b]
V  [jvm.dll+0x9eb60]
C  [javaw.exe+0x1657]
C  [javaw.exe+0x1e2c]
C  [javaw.exe+0x8614]
C  [kernel32.dll+0x1339a]  BaseThreadInitThunk+0x12
C  [ntdll.dll+0x39ef2]  RtlInitializeExceptionChain+0x63
C  [ntdll.dll+0x39ec5]  RtlInitializeExceptionChain+0x36


---------------  P R O C E S S  ---------------

Java Threads: ( => current thread )

Other Threads:

=>0x02069c00 (exited) JavaThread "Unknown thread" [_thread_in_vm, id=10432, stack(0x003b0000,0x00400000)]

VM state:not at safepoint (not fully initialized)

VM Mutex/Monitor currently owned by a thread: None

Dynamic libraries:
0x00400000 - 0x00425000 	C:\Program Files (x86)\Java\jre6\bin\javaw.exe
0x776e0000 - 0x77860000 	C:\windows\SysWOW64\ntdll.dll
0x753b0000 - 0x754c0000 	C:\windows\syswow64\kernel32.dll
0x77130000 - 0x77176000 	C:\windows\syswow64\KERNELBASE.dll
0x738f0000 - 0x73961000 	C:\windows\SysWOW64\SYSFER.DLL
0x75a60000 - 0x75b00000 	C:\windows\syswow64\ADVAPI32.dll
0x754c0000 - 0x7556c000 	C:\windows\syswow64\msvcrt.dll
0x75390000 - 0x753a9000 	C:\windows\SysWOW64\sechost.dll
0x752a0000 - 0x75390000 	C:\windows\syswow64\RPCRT4.dll
0x75240000 - 0x752a0000 	C:\windows\syswow64\SspiCli.dll
0x75230000 - 0x7523c000 	C:\windows\syswow64\CRYPTBASE.dll
0x771e0000 - 0x772e0000 	C:\windows\syswow64\USER32.dll
0x77090000 - 0x77120000 	C:\windows\syswow64\GDI32.dll
0x77120000 - 0x7712a000 	C:\windows\syswow64\LPK.dll
0x76dd0000 - 0x76e6d000 	C:\windows\syswow64\USP10.dll
0x76b40000 - 0x76ba0000 	C:\windows\system32\IMM32.DLL
0x75980000 - 0x75a4c000 	C:\windows\syswow64\MSCTF.dll
0x7c340000 - 0x7c396000 	C:\Program Files (x86)\Java\jre6\bin\msvcr71.dll
0x6d7f0000 - 0x6da9f000 	C:\Program Files (x86)\Java\jre6\bin\client\jvm.dll
0x73390000 - 0x733c2000 	C:\windows\system32\WINMM.dll
0x71690000 - 0x716dc000 	C:\windows\system32\apphelp.dll
0x6d7a0000 - 0x6d7ac000 	C:\Program Files (x86)\Java\jre6\bin\verify.dll
0x6d320000 - 0x6d33f000 	C:\Program Files (x86)\Java\jre6\bin\java.dll
0x6d7e0000 - 0x6d7ef000 	C:\Program Files (x86)\Java\jre6\bin\zip.dll
0x76d10000 - 0x76d15000 	C:\windows\system32\PSAPI.DLL

VM Arguments:
jvm_args: -ea -Dfile.encoding=Cp1252 -Xbootclasspath/p:C:\Users\Eric\Documents\CS2114\Android\android-sdk\platforms\android-8\android.jar 
java_command: org.eclipse.jdt.internal.junit.runner.RemoteTestRunner -version 3 -port 50099 -testLoaderClass org.eclipse.jdt.internal.junit.runner.junit3.JUnit3TestLoader -loaderpluginname org.eclipse.jdt.junit.runtime -classNames cs2114.mazesolver.MazeTest
Launcher Type: SUN_STANDARD

Environment Variables:
CLASSPATH=.;C:\Program Files (x86)\Java\jre6\lib\ext\QTJava.zip
PATH=C:/Program Files (x86)/Java/jre6/bin/client;C:/Program Files (x86)/Java/jre6/bin;C:/Program Files (x86)/Java/jre6/lib/i386;C:\Program Files\Common Files\Microsoft Shared\Windows Live;C:\Program Files (x86)\Common Files\Microsoft Shared\Windows Live;C:\windows\system32;C:\windows;C:\windows\System32\Wbem;C:\windows\System32\WindowsPowerShell\v1.0\;C:\Program Files (x86)\Common Files\Roxio Shared\10.0\DLLShared\;C:\Program Files (x86)\Common Files\Roxio Shared\DLLShared\;c:\Program Files\Softex\OmniPass\;C:\Program Files\Fujitsu\FJFP\;C:\Program Files\MATLAB\R2010a\bin;C:\Program Files (x86)\Microsoft SQL Server\100\Tools\Binn\;C:\Program Files\Microsoft SQL Server\100\Tools\Binn\;C:\Program Files\Microsoft SQL Server\100\DTS\Binn\;C:\Program Files (x86)\Windows Live\Shared;C:\Program Files (x86)\QuickTime\QTSystem\;C:\Users\Eric\Documents\comp sci\eclipse;
USERNAME=Eric
OS=Windows_NT
PROCESSOR_IDENTIFIER=Intel64 Family 6 Model 37 Stepping 2, GenuineIntel



---------------  S Y S T E M  ---------------

OS: Windows 7 , 64 bit Build 7601 Service Pack 1

CPU:total 4 (2 cores per cpu, 2 threads per core) family 6 model 37 stepping 2, cmov, cx8, fxsr, mmx, sse, sse2, sse3, ssse3, sse4.1, sse4.2, popcnt, ht

Memory: 4k page, physical 3984820k(1008292k free), swap 7967788k(4157800k free)

vm_info: Java HotSpot(TM) Client VM (20.5-b03) for windows-x86 JRE (1.6.0_30-b12), built on Nov 10 2011 01:51:00 by "java_re" with MS VC++ 7.1 (VS2003)

time: Sun Mar 18 21:45:40 2012
elapsed time: 0 seconds

